{"level":"info","message":"GET / ::1 404","timestamp":"2025-06-28 21:09:28"}
{"level":"info","message":"GET /.well-known/appspecific/com.chrome.devtools.json ::1 404","timestamp":"2025-06-28 21:09:28"}
{"level":"info","message":"GET / ::1 404","timestamp":"2025-06-28 21:09:30"}
{"level":"info","message":"GET /.well-known/appspecific/com.chrome.devtools.json ::1 404","timestamp":"2025-06-28 21:09:30"}
{"level":"info","message":"POST /api/auth/login ::ffff:127.0.0.1 200","timestamp":"2025-06-28 21:10:29"}
{"level":"info","message":"GET /api/managers ::1 200","timestamp":"2025-06-28 21:10:46"}
{"level":"info","message":"GET /api/rounds ::1 304","timestamp":"2025-06-28 21:10:48"}
{"level":"info","message":"GET /api/rounds ::1 304","timestamp":"2025-06-28 21:10:50"}
{"level":"info","message":"GET /api/managers ::1 304","timestamp":"2025-06-28 21:22:55"}
{"level":"info","message":"GET /api/rounds ::1 304","timestamp":"2025-06-28 21:23:01"}
{"level":"info","message":"GET /api/managers ::1 401","timestamp":"2025-06-29 11:50:56"}
{"level":"info","message":"GET /api/managers ::1 401","timestamp":"2025-06-29 11:50:58"}
{"level":"info","message":"GET /api/managers ::1 401","timestamp":"2025-06-29 11:50:59"}
{"level":"info","message":"GET /api/managers ::1 401","timestamp":"2025-06-29 11:51:00"}
{"level":"info","message":"GET /api/rounds ::1 401","timestamp":"2025-06-29 11:51:02"}
{"level":"info","message":"GET /api/rounds ::1 401","timestamp":"2025-06-29 11:51:03"}
{"level":"info","message":"GET /api/managers ::1 401","timestamp":"2025-06-29 11:51:04"}
{"level":"info","message":"GET /api/rounds ::1 401","timestamp":"2025-06-29 11:51:07"}
{"level":"info","message":"GET /api/managers ::1 401","timestamp":"2025-06-29 11:51:08"}
{"level":"info","message":"POST /api/auth/login ::1 422","timestamp":"2025-06-29 11:52:56"}
{"level":"info","message":"POST /api/auth/login ::1 200","timestamp":"2025-06-29 11:53:00"}
{"level":"info","message":"GET /api/managers ::1 304","timestamp":"2025-06-29 11:53:00"}
{"level":"info","message":"POST /api/managers ::1 201","timestamp":"2025-06-29 11:53:18"}
{"level":"info","message":"GET /api/managers ::1 200","timestamp":"2025-06-29 11:53:18"}
{"level":"info","message":"GET /api/managers ::1 304","timestamp":"2025-06-29 11:53:49"}
{"level":"info","message":"GET /api/managers ::1 304","timestamp":"2025-06-29 11:53:50"}
{"level":"info","message":"GET /api/managers ::1 304","timestamp":"2025-06-29 11:53:51"}
{"level":"info","message":"GET /api/managers ::1 304","timestamp":"2025-06-29 11:53:51"}
{"level":"info","message":"GET /api/managers ::1 401","timestamp":"2025-06-29 11:53:59"}
{"level":"info","message":"GET /api/managers ::1 401","timestamp":"2025-06-29 11:54:01"}
{"level":"info","message":"POST /api/auth/login ::1 200","timestamp":"2025-06-29 11:54:05"}
{"level":"info","message":"GET /api/managers ::1 304","timestamp":"2025-06-29 11:54:05"}
{"level":"info","message":"GET /api/rounds ::1 304","timestamp":"2025-06-29 11:54:19"}
{"level":"info","message":"GET /api/managers ::1 304","timestamp":"2025-06-29 11:54:22"}
{"level":"info","message":"POST /api/rounds ::1 201","timestamp":"2025-06-29 11:54:27"}
{"level":"info","message":"GET /api/managers ::1 200","timestamp":"2025-06-29 11:54:27"}
{"level":"info","message":"GET /api/rounds ::1 200","timestamp":"2025-06-29 11:54:27"}
{"level":"info","message":"POST /api/rounds ::1 201","timestamp":"2025-06-29 11:54:38"}
{"level":"info","message":"GET /api/managers ::1 200","timestamp":"2025-06-29 11:54:38"}
{"level":"info","message":"GET /api/rounds ::1 200","timestamp":"2025-06-29 11:54:38"}
{"level":"info","message":"GET /api/rounds ::1 304","timestamp":"2025-06-29 11:54:40"}
{"level":"info","message":"GET /api/rounds ::1 304","timestamp":"2025-06-29 11:54:41"}
{"level":"info","message":"GET /api/rounds ::1 304","timestamp":"2025-06-29 11:54:42"}
{"level":"info","message":"GET /api/rounds ::1 304","timestamp":"2025-06-29 11:54:42"}
{"level":"info","message":"GET /api/rounds ::1 304","timestamp":"2025-06-29 11:54:43"}
{"level":"info","message":"GET /api/rounds ::1 304","timestamp":"2025-06-29 11:54:43"}
{"level":"info","message":"GET /api/managers ::1 304","timestamp":"2025-06-29 11:54:58"}
{"level":"info","message":"GET /api/managers ::1 304","timestamp":"2025-06-29 11:55:18"}
{"level":"info","message":"GET /api/rounds ::1 304","timestamp":"2025-06-29 11:55:25"}
{"level":"info","message":"POST /api/auth/login ::1 422","timestamp":"2025-06-29 11:55:54"}
{"level":"info","message":"POST /api/auth/login ::1 200","timestamp":"2025-06-29 11:55:57"}
{"level":"info","message":"GET /api/managers ::1 304","timestamp":"2025-06-29 11:56:18"}
{"level":"info","message":"GET /api/rounds ::1 304","timestamp":"2025-06-29 11:56:33"}
{"level":"info","message":"GET /api/rounds ::1 304","timestamp":"2025-06-29 11:58:56"}
{"level":"info","message":"GET /api/managers ::1 304","timestamp":"2025-06-29 11:58:58"}
{"level":"info","message":"POST /api/rounds ::1 201","timestamp":"2025-06-29 11:59:10"}
{"level":"info","message":"GET /api/managers ::1 200","timestamp":"2025-06-29 11:59:10"}
{"level":"info","message":"GET /api/rounds ::1 200","timestamp":"2025-06-29 11:59:10"}
{"level":"info","message":"POST /api/auth/login ::1 200","timestamp":"2025-06-29 12:09:29"}
{"level":"info","message":"GET /api/managers ::1 304","timestamp":"2025-06-29 12:09:29"}
{"level":"info","message":"GET /api/managers ::1 304","timestamp":"2025-06-29 12:09:34"}
{"level":"info","message":"GET /api/rounds ::1 304","timestamp":"2025-06-29 12:09:38"}
{"level":"info","message":"GET /api/rounds ::1 304","timestamp":"2025-06-29 12:09:47"}
{"level":"info","message":"GET /api/rounds ::1 304","timestamp":"2025-06-29 12:09:48"}
{"level":"info","message":"GET /api/rounds ::1 304","timestamp":"2025-06-29 12:33:45"}
{"level":"info","message":"GET /api/managers ::1 304","timestamp":"2025-06-29 12:33:47"}
{"level":"info","message":"POST /api/auth/login ::1 200","timestamp":"2025-06-29 12:33:58"}
{"level":"info","message":"GET /api/managers ::1 304","timestamp":"2025-06-29 12:38:46"}
{"level":"info","message":"GET /api/managers ::1 304","timestamp":"2025-06-29 12:39:00"}
{"level":"info","message":"DELETE /api/managers/685e8564410eb6b54f5955a2 ::1 200","timestamp":"2025-06-29 12:39:03"}
{"level":"info","message":"GET /api/managers ::1 200","timestamp":"2025-06-29 12:39:04"}
{"level":"info","message":"DELETE /api/managers/6860fefe391f5a2f137e8ca9 ::1 200","timestamp":"2025-06-29 12:39:06"}
{"level":"info","message":"GET /api/managers ::1 200","timestamp":"2025-06-29 12:39:06"}
{"level":"info","message":"DELETE /api/managers/685fb9dc95911f0926b8e04e ::1 200","timestamp":"2025-06-29 12:39:07"}
{"level":"info","message":"GET /api/managers ::1 200","timestamp":"2025-06-29 12:39:07"}
{"level":"info","message":"DELETE /api/managers/685ea07dddfd26570364c28f ::1 200","timestamp":"2025-06-29 12:39:08"}
{"level":"info","message":"GET /api/managers ::1 200","timestamp":"2025-06-29 12:39:08"}
{"level":"info","message":"DELETE /api/managers/685e856d410eb6b54f5955a4 ::1 200","timestamp":"2025-06-29 12:39:09"}
{"level":"info","message":"GET /api/managers ::1 200","timestamp":"2025-06-29 12:39:09"}
{"level":"info","message":"DELETE /api/managers/685e8173ab1004d55f959005 ::1 200","timestamp":"2025-06-29 12:40:06"}
{"level":"info","message":"GET /api/managers ::1 200","timestamp":"2025-06-29 12:40:06"}
{"level":"info","message":"POST /api/managers ::1 201","timestamp":"2025-06-29 12:40:13"}
{"level":"info","message":"GET /api/managers ::1 200","timestamp":"2025-06-29 12:40:13"}
{"level":"info","message":"POST /api/managers ::1 201","timestamp":"2025-06-29 12:40:19"}
{"level":"info","message":"GET /api/managers ::1 200","timestamp":"2025-06-29 12:40:19"}
{"level":"info","message":"POST /api/managers ::1 201","timestamp":"2025-06-29 12:40:25"}
{"level":"info","message":"GET /api/managers ::1 200","timestamp":"2025-06-29 12:40:25"}
{"level":"info","message":"POST /api/managers ::1 201","timestamp":"2025-06-29 12:40:30"}
{"level":"info","message":"GET /api/managers ::1 200","timestamp":"2025-06-29 12:40:30"}
{"level":"info","message":"POST /api/managers ::1 201","timestamp":"2025-06-29 12:40:36"}
{"level":"info","message":"GET /api/managers ::1 200","timestamp":"2025-06-29 12:40:36"}
{"level":"info","message":"GET /api/rounds ::1 200","timestamp":"2025-06-29 12:45:20"}
{"level":"info","message":"POST /api/rounds ::1 201","timestamp":"2025-06-29 12:45:38"}
{"level":"info","message":"GET /api/managers ::1 200","timestamp":"2025-06-29 12:45:38"}
{"level":"info","message":"GET /api/rounds ::1 200","timestamp":"2025-06-29 12:45:38"}
{"level":"info","message":"GET /api/rounds ::1 304","timestamp":"2025-06-29 13:01:02"}
{"level":"info","message":"GET /managers?_rsc=1mgg5 ::ffff:172.20.10.3 404","timestamp":"2025-06-29 23:10:15"}
{"level":"info","message":"GET /managers ::ffff:172.20.10.3 404","timestamp":"2025-06-29 23:10:15"}
{"level":"info","message":"GET /api/managers ::1 401","timestamp":"2025-06-29 23:10:45"}
{"level":"info","message":"GET /api/managers ::1 401","timestamp":"2025-06-29 23:10:51"}
{"level":"info","message":"POST /api/auth/login ::1 200","timestamp":"2025-06-29 23:10:57"}
{"level":"info","message":"GET /api/managers ::1 304","timestamp":"2025-06-29 23:10:57"}
{"level":"info","message":"GET /api/rounds ::1 304","timestamp":"2025-06-29 23:10:59"}
{"level":"info","message":"POST /api/auth/login ::1 200","timestamp":"2025-06-29 23:13:51"}
{"level":"info","message":"GET /api/managers ::1 304","timestamp":"2025-06-29 23:13:52"}
{"level":"info","message":"POST /api/auth/login ::ffff:127.0.0.1 200","timestamp":"2025-06-29 23:27:55"}
{"level":"info","message":"POST /api/auth/register ::ffff:127.0.0.1 201","timestamp":"2025-06-29 23:27:55"}
{"level":"info","message":"POST /api/auth/login ::ffff:127.0.0.1 200","timestamp":"2025-06-29 23:27:55"}
{"level":"info","message":"POST /api/auth/register ::ffff:127.0.0.1 201","timestamp":"2025-06-29 23:27:56"}
{"level":"info","message":"POST /api/auth/login ::ffff:127.0.0.1 200","timestamp":"2025-06-29 23:27:56"}
{"level":"info","message":"POST /api/auth/login ::ffff:127.0.0.1 200","timestamp":"2025-06-29 23:27:56"}
{"level":"info","message":"POST /api/auth/logout ::ffff:127.0.0.1 200","timestamp":"2025-06-29 23:27:56"}
{"level":"info","message":"POST /api/auth/login ::ffff:127.0.0.1 200","timestamp":"2025-06-29 23:27:56"}
{"level":"info","message":"POST /api/auth/register ::ffff:127.0.0.1 201","timestamp":"2025-06-29 23:27:56"}
{"level":"info","message":"POST /api/managers ::ffff:127.0.0.1 201","timestamp":"2025-06-29 23:27:56"}
{"level":"info","message":"GET /api/managers ::ffff:127.0.0.1 200","timestamp":"2025-06-29 23:27:56"}
{"level":"info","message":"GET /api/managers/6861a1ccc5e56986c6dfc36f ::ffff:127.0.0.1 200","timestamp":"2025-06-29 23:27:56"}
{"level":"info","message":"PUT /api/managers/6861a1ccc5e56986c6dfc36f ::ffff:127.0.0.1 200","timestamp":"2025-06-29 23:27:56"}
{"level":"info","message":"DELETE /api/managers/6861a1ccc5e56986c6dfc36f ::ffff:127.0.0.1 200","timestamp":"2025-06-29 23:27:56"}
{"level":"info","message":"POST /api/auth/login ::ffff:127.0.0.1 200","timestamp":"2025-06-29 23:27:56"}
{"level":"info","message":"POST /api/auth/register ::ffff:127.0.0.1 201","timestamp":"2025-06-29 23:27:56"}
{"level":"info","message":"POST /api/managers ::ffff:127.0.0.1 201","timestamp":"2025-06-29 23:27:56"}
{"level":"info","message":"POST /api/rounds ::ffff:127.0.0.1 201","timestamp":"2025-06-29 23:27:56"}
{"level":"info","message":"GET /api/rounds ::ffff:127.0.0.1 200","timestamp":"2025-06-29 23:27:56"}
{"level":"info","message":"GET /api/rounds/6861a1ccc5e56986c6dfc37f ::ffff:127.0.0.1 200","timestamp":"2025-06-29 23:27:56"}
{"level":"info","message":"GET /api/managers ::ffff:127.0.0.1 401","timestamp":"2025-06-29 23:27:56"}
{"level":"info","message":"GET /api/managers ::ffff:127.0.0.1 401","timestamp":"2025-06-29 23:27:56"}
